<?xml version="1.0" encoding="UTF-8"?>
<testsuite xmlns:xsi="http://www.w3.org/2001/XMLSchema-instance" xsi:noNamespaceSchemaLocation="https://maven.apache.org/surefire/maven-surefire-plugin/xsd/surefire-test-report.xsd" name="com.nguyenphucthienan.springrestdocs.web.controller.BeerControllerTest" time="3.759" tests="3" errors="0" skipped="0" failures="0">
  <properties>
[...]
</properties>
  <testcase name="saveBeer" classname="com.nguyenphucthienan.springrestdocs.web.controller.BeerControllerTest" time="0.725"/>
  <testcase name="updateBeer" classname="com.nguyenphucthienan.springrestdocs.web.controller.BeerControllerTest" time="0.018"/>
  <testcase name="getBeer" classname="com.nguyenphucthienan.springrestdocs.web.controller.BeerControllerTest" time="0.06"/>
</testsuite>